<?xml version="1.0" encoding="UTF-8"?>
<testsuite name="com.test.texnlogialogismikou.ExampleUnitTest" tests="1" skipped="0" failures="0" errors="0" timestamp="2023-06-12T20:11:30" hostname="192.168.1.21" time="0.001">
  <properties/>
  <testcase name="addition_isCorrect" classname="com.test.texnlogialogismikou.ExampleUnitTest" time="0.001"/>
  <system-out><![CDATA[]]></system-out>
  <system-err><![CDATA[]]></system-err>
</testsuite>
